2025-06-30 21:46:47  [ flink-rest-server-netty-worker-thread-2:11477 ] - [ ERROR ]  Failed to transfer file from TaskExecutor bf434779-d13e-41ef-b217-970fbfadac29.
java.util.concurrent.CompletionException: org.apache.flink.util.FlinkException: The file LOG is not available on the TaskExecutor.
	at java.util.concurrent.CompletableFuture.encodeThrowable(CompletableFuture.java:292)
	at java.util.concurrent.CompletableFuture.completeThrowable(CompletableFuture.java:308)
	at java.util.concurrent.CompletableFuture.uniAccept(CompletableFuture.java:661)
	at java.util.concurrent.CompletableFuture$UniAccept.tryFire(CompletableFuture.java:646)
	at java.util.concurrent.CompletableFuture.uniAcceptStage(CompletableFuture.java:686)
	at java.util.concurrent.CompletableFuture.thenAcceptAsync(CompletableFuture.java:2019)
	at org.apache.flink.runtime.rest.handler.taskmanager.AbstractTaskManagerFileHandler.respondToRequest(AbstractTaskManagerFileHandler.java:132)
	at org.apache.flink.runtime.rest.handler.AbstractHandler.respondAsLeader(AbstractHandler.java:195)
	at org.apache.flink.runtime.rest.handler.LeaderRetrievalHandler.lambda$channelRead0$0(LeaderRetrievalHandler.java:83)
	at java.util.Optional.ifPresent(Optional.java:159)
	at org.apache.flink.util.OptionalConsumer.ifPresent(OptionalConsumer.java:45)
	at org.apache.flink.runtime.rest.handler.LeaderRetrievalHandler.channelRead0(LeaderRetrievalHandler.java:80)
	at org.apache.flink.runtime.rest.handler.LeaderRetrievalHandler.channelRead0(LeaderRetrievalHandler.java:49)
	at org.apache.flink.shaded.netty4.io.netty.channel.SimpleChannelInboundHandler.channelRead(SimpleChannelInboundHandler.java:99)
	at org.apache.flink.shaded.netty4.io.netty.channel.AbstractChannelHandlerContext.invokeChannelRead(AbstractChannelHandlerContext.java:379)
	at org.apache.flink.shaded.netty4.io.netty.channel.AbstractChannelHandlerContext.invokeChannelRead(AbstractChannelHandlerContext.java:365)
	at org.apache.flink.shaded.netty4.io.netty.channel.AbstractChannelHandlerContext.fireChannelRead(AbstractChannelHandlerContext.java:357)
	at org.apache.flink.runtime.rest.handler.router.RouterHandler.routed(RouterHandler.java:115)
	at org.apache.flink.runtime.rest.handler.router.RouterHandler.channelRead0(RouterHandler.java:94)
	at org.apache.flink.runtime.rest.handler.router.RouterHandler.channelRead0(RouterHandler.java:55)
	at org.apache.flink.shaded.netty4.io.netty.channel.SimpleChannelInboundHandler.channelRead(SimpleChannelInboundHandler.java:99)
	at org.apache.flink.shaded.netty4.io.netty.channel.AbstractChannelHandlerContext.invokeChannelRead(AbstractChannelHandlerContext.java:379)
	at org.apache.flink.shaded.netty4.io.netty.channel.AbstractChannelHandlerContext.invokeChannelRead(AbstractChannelHandlerContext.java:365)
	at org.apache.flink.shaded.netty4.io.netty.channel.AbstractChannelHandlerContext.fireChannelRead(AbstractChannelHandlerContext.java:357)
	at org.apache.flink.shaded.netty4.io.netty.handler.codec.MessageToMessageDecoder.channelRead(MessageToMessageDecoder.java:103)
	at org.apache.flink.shaded.netty4.io.netty.channel.AbstractChannelHandlerContext.invokeChannelRead(AbstractChannelHandlerContext.java:379)
	at org.apache.flink.shaded.netty4.io.netty.channel.AbstractChannelHandlerContext.invokeChannelRead(AbstractChannelHandlerContext.java:365)
	at org.apache.flink.shaded.netty4.io.netty.channel.AbstractChannelHandlerContext.fireChannelRead(AbstractChannelHandlerContext.java:357)
	at org.apache.flink.runtime.rest.FileUploadHandler.channelRead0(FileUploadHandler.java:238)
	at org.apache.flink.runtime.rest.FileUploadHandler.channelRead0(FileUploadHandler.java:71)
	at org.apache.flink.shaded.netty4.io.netty.channel.SimpleChannelInboundHandler.channelRead(SimpleChannelInboundHandler.java:99)
	at org.apache.flink.shaded.netty4.io.netty.channel.AbstractChannelHandlerContext.invokeChannelRead(AbstractChannelHandlerContext.java:379)
	at org.apache.flink.shaded.netty4.io.netty.channel.AbstractChannelHandlerContext.invokeChannelRead(AbstractChannelHandlerContext.java:365)
	at org.apache.flink.shaded.netty4.io.netty.channel.AbstractChannelHandlerContext.fireChannelRead(AbstractChannelHandlerContext.java:357)
	at org.apache.flink.shaded.netty4.io.netty.channel.CombinedChannelDuplexHandler$DelegatingChannelHandlerContext.fireChannelRead(CombinedChannelDuplexHandler.java:436)
	at org.apache.flink.shaded.netty4.io.netty.handler.codec.ByteToMessageDecoder.fireChannelRead(ByteToMessageDecoder.java:324)
	at org.apache.flink.shaded.netty4.io.netty.handler.codec.ByteToMessageDecoder.channelRead(ByteToMessageDecoder.java:296)
	at org.apache.flink.shaded.netty4.io.netty.channel.CombinedChannelDuplexHandler.channelRead(CombinedChannelDuplexHandler.java:251)
	at org.apache.flink.shaded.netty4.io.netty.channel.AbstractChannelHandlerContext.invokeChannelRead(AbstractChannelHandlerContext.java:379)
	at org.apache.flink.shaded.netty4.io.netty.channel.AbstractChannelHandlerContext.invokeChannelRead(AbstractChannelHandlerContext.java:365)
	at org.apache.flink.shaded.netty4.io.netty.channel.AbstractChannelHandlerContext.fireChannelRead(AbstractChannelHandlerContext.java:357)
	at org.apache.flink.shaded.netty4.io.netty.channel.DefaultChannelPipeline$HeadContext.channelRead(DefaultChannelPipeline.java:1410)
	at org.apache.flink.shaded.netty4.io.netty.channel.AbstractChannelHandlerContext.invokeChannelRead(AbstractChannelHandlerContext.java:379)
	at org.apache.flink.shaded.netty4.io.netty.channel.AbstractChannelHandlerContext.invokeChannelRead(AbstractChannelHandlerContext.java:365)
	at org.apache.flink.shaded.netty4.io.netty.channel.DefaultChannelPipeline.fireChannelRead(DefaultChannelPipeline.java:919)
	at org.apache.flink.shaded.netty4.io.netty.channel.nio.AbstractNioByteChannel$NioByteUnsafe.read(AbstractNioByteChannel.java:166)
	at org.apache.flink.shaded.netty4.io.netty.channel.nio.NioEventLoop.processSelectedKey(NioEventLoop.java:719)
	at org.apache.flink.shaded.netty4.io.netty.channel.nio.NioEventLoop.processSelectedKeysOptimized(NioEventLoop.java:655)
	at org.apache.flink.shaded.netty4.io.netty.channel.nio.NioEventLoop.processSelectedKeys(NioEventLoop.java:581)
	at org.apache.flink.shaded.netty4.io.netty.channel.nio.NioEventLoop.run(NioEventLoop.java:493)
	at org.apache.flink.shaded.netty4.io.netty.util.concurrent.SingleThreadEventExecutor$4.run(SingleThreadEventExecutor.java:989)
	at org.apache.flink.shaded.netty4.io.netty.util.internal.ThreadExecutorMap$2.run(ThreadExecutorMap.java:74)
	at java.lang.Thread.run(Thread.java:748)
Caused by: org.apache.flink.util.FlinkException: The file LOG is not available on the TaskExecutor.
	at org.apache.flink.runtime.taskexecutor.TaskExecutor.requestFileUploadByFilePath(TaskExecutor.java:2072)
	at org.apache.flink.runtime.taskexecutor.TaskExecutor.requestFileUploadByType(TaskExecutor.java:1180)
	at sun.reflect.NativeMethodAccessorImpl.invoke0(Native Method)
	at sun.reflect.NativeMethodAccessorImpl.invoke(NativeMethodAccessorImpl.java:62)
	at sun.reflect.DelegatingMethodAccessorImpl.invoke(DelegatingMethodAccessorImpl.java:43)
	at java.lang.reflect.Method.invoke(Method.java:498)
	at org.apache.flink.runtime.rpc.akka.AkkaRpcActor.lambda$handleRpcInvocation$1(AkkaRpcActor.java:316)
	at org.apache.flink.runtime.concurrent.akka.ClassLoadingUtils.runWithContextClassLoader(ClassLoadingUtils.java:83)
	at org.apache.flink.runtime.rpc.akka.AkkaRpcActor.handleRpcInvocation(AkkaRpcActor.java:314)
	at org.apache.flink.runtime.rpc.akka.AkkaRpcActor.handleRpcMessage(AkkaRpcActor.java:217)
	at org.apache.flink.runtime.rpc.akka.AkkaRpcActor.handleMessage(AkkaRpcActor.java:163)
	at akka.japi.pf.UnitCaseStatement.apply(CaseStatements.scala:24)
	at akka.japi.pf.UnitCaseStatement.apply(CaseStatements.scala:20)
	at scala.PartialFunction.applyOrElse(PartialFunction.scala:123)
	at scala.PartialFunction.applyOrElse$(PartialFunction.scala:122)
	at akka.japi.pf.UnitCaseStatement.applyOrElse(CaseStatements.scala:20)
	at scala.PartialFunction$OrElse.applyOrElse(PartialFunction.scala:171)
	at scala.PartialFunction$OrElse.applyOrElse(PartialFunction.scala:172)
	at scala.PartialFunction$OrElse.applyOrElse(PartialFunction.scala:172)
	at akka.actor.Actor.aroundReceive(Actor.scala:537)
	at akka.actor.Actor.aroundReceive$(Actor.scala:535)
	at akka.actor.AbstractActor.aroundReceive(AbstractActor.scala:220)
	at akka.actor.ActorCell.receiveMessage(ActorCell.scala:580)
	at akka.actor.ActorCell.invoke(ActorCell.scala:548)
	at akka.dispatch.Mailbox.processMailbox(Mailbox.scala:270)
	at akka.dispatch.Mailbox.run(Mailbox.scala:231)
	at akka.dispatch.Mailbox.exec(Mailbox.scala:243)
	at java.util.concurrent.ForkJoinTask.doExec(ForkJoinTask.java:289)
	at java.util.concurrent.ForkJoinPool$WorkQueue.runTask(ForkJoinPool.java:1067)
	at java.util.concurrent.ForkJoinPool.runWorker(ForkJoinPool.java:1703)
	at java.util.concurrent.ForkJoinWorkerThread.run(ForkJoinWorkerThread.java:172)
2025-06-30 21:46:47  [ flink-rest-server-netty-worker-thread-2:11485 ] - [ ERROR ]  Unhandled exception.
org.apache.flink.util.FlinkException: The file LOG is not available on the TaskExecutor.
	at org.apache.flink.runtime.taskexecutor.TaskExecutor.requestFileUploadByFilePath(TaskExecutor.java:2072)
	at org.apache.flink.runtime.taskexecutor.TaskExecutor.requestFileUploadByType(TaskExecutor.java:1180)
	at sun.reflect.NativeMethodAccessorImpl.invoke0(Native Method)
	at sun.reflect.NativeMethodAccessorImpl.invoke(NativeMethodAccessorImpl.java:62)
	at sun.reflect.DelegatingMethodAccessorImpl.invoke(DelegatingMethodAccessorImpl.java:43)
	at java.lang.reflect.Method.invoke(Method.java:498)
	at org.apache.flink.runtime.rpc.akka.AkkaRpcActor.lambda$handleRpcInvocation$1(AkkaRpcActor.java:316)
	at org.apache.flink.runtime.concurrent.akka.ClassLoadingUtils.runWithContextClassLoader(ClassLoadingUtils.java:83)
	at org.apache.flink.runtime.rpc.akka.AkkaRpcActor.handleRpcInvocation(AkkaRpcActor.java:314)
	at org.apache.flink.runtime.rpc.akka.AkkaRpcActor.handleRpcMessage(AkkaRpcActor.java:217)
	at org.apache.flink.runtime.rpc.akka.AkkaRpcActor.handleMessage(AkkaRpcActor.java:163)
	at akka.japi.pf.UnitCaseStatement.apply(CaseStatements.scala:24)
	at akka.japi.pf.UnitCaseStatement.apply(CaseStatements.scala:20)
	at scala.PartialFunction.applyOrElse(PartialFunction.scala:123)
	at scala.PartialFunction.applyOrElse$(PartialFunction.scala:122)
	at akka.japi.pf.UnitCaseStatement.applyOrElse(CaseStatements.scala:20)
	at scala.PartialFunction$OrElse.applyOrElse(PartialFunction.scala:171)
	at scala.PartialFunction$OrElse.applyOrElse(PartialFunction.scala:172)
	at scala.PartialFunction$OrElse.applyOrElse(PartialFunction.scala:172)
	at akka.actor.Actor.aroundReceive(Actor.scala:537)
	at akka.actor.Actor.aroundReceive$(Actor.scala:535)
	at akka.actor.AbstractActor.aroundReceive(AbstractActor.scala:220)
	at akka.actor.ActorCell.receiveMessage(ActorCell.scala:580)
	at akka.actor.ActorCell.invoke(ActorCell.scala:548)
	at akka.dispatch.Mailbox.processMailbox(Mailbox.scala:270)
	at akka.dispatch.Mailbox.run(Mailbox.scala:231)
	at akka.dispatch.Mailbox.exec(Mailbox.scala:243)
	at java.util.concurrent.ForkJoinTask.doExec(ForkJoinTask.java:289)
	at java.util.concurrent.ForkJoinPool$WorkQueue.runTask(ForkJoinPool.java:1067)
	at java.util.concurrent.ForkJoinPool.runWorker(ForkJoinPool.java:1703)
	at java.util.concurrent.ForkJoinWorkerThread.run(ForkJoinWorkerThread.java:172)
